<?xml version="1.0" encoding="UTF-8"?>
<!-- Generated by org.testng.reporters.JUnitXMLReporter -->
<testsuite hostname="DESKTOP-QN7LTG3" ignored="0" name="Test1" tests="6" failures="0" timestamp="20 Oct 2023 08:04:37 GMT" time="0.026" errors="0">
  <testcase name="applicationFormClickevent" time="0.003" classname="TestNGlearn.Firsttestng"/>
  <testcase name="login_application_patient" time="0.001" classname="TestNGlearn.Secondtest"/>
  <testcase name="logout" time="0.001" classname="TestNGlearn.Secondtest"/>
  <testcase name="profileEdit" time="0.001" classname="TestNGlearn.Secondtest"/>
  <testcase name="profile" time="0.001" classname="TestNGlearn.Firsttestng"/>
  <testcase name="login_application" time="0.001" classname="TestNGlearn.Firsttestng"/>
</testsuite> <!-- Test1 -->
