<?xml version="1.0" encoding="UTF-8"?>
<testng-results skipped="0" failed="0" ignored="0" total="1" passed="1">
  <reporter-output>
  </reporter-output>
  <suite name="Suite" duration-ms="5456" started-at="2023-10-21T09:29:26Z" finished-at="2023-10-21T09:29:31Z">
    <groups>
    </groups>
    <test name="Test" duration-ms="5456" started-at="2023-10-21T09:29:26Z" finished-at="2023-10-21T09:29:31Z">
      <class name="TestNGlearn.Multibrowsertest">
        <test-method status="PASS" signature="setup(java.lang.String, java.lang.String)[pri:0, instance:TestNGlearn.Multibrowsertest@32709393]" name="setup" is-config="true" duration-ms="147488" started-at="2023-10-21T09:26:58Z" finished-at="2023-10-21T09:29:26Z">
          <params>
            <param index="0">
              <value>
                <![CDATA[chrome]]>
              </value>
            </param>
            <param index="1">
              <value>
                <![CDATA[https://opensource-demo.orangehrmlive.com/]]>
              </value>
            </param>
          </params>
          <reporter-output>
          </reporter-output>
        </test-method> <!-- setup -->
        <test-method status="PASS" signature="loginapp()[pri:0, instance:TestNGlearn.Multibrowsertest@32709393]" name="loginapp" duration-ms="5400" started-at="2023-10-21T09:29:26Z" finished-at="2023-10-21T09:29:31Z">
          <reporter-output>
          </reporter-output>
        </test-method> <!-- loginapp -->
      </class> <!-- TestNGlearn.Multibrowsertest -->
    </test> <!-- Test -->
  </suite> <!-- Suite -->
</testng-results>
